
 MEMBER_ID CONTACT_ID                                                           
---------- ----------                                                           
      1001       1001                                                           
      1001       1002                                                           
      1002       1003                                                           
      1002       1004                                                           
      1003       1005                                                           
      1003       1006                                                           
      1003       1007                                                           
      1004       1008                                                           
      1005       1009                                                           
      1006       1010                                                           
      1007       1011                                                           

 MEMBER_ID CONTACT_ID                                                           
---------- ----------                                                           
      1008       1012                                                           

12 rows selected.


CONTACT_ID ADDRESS_ID                                                           
---------- ----------                                                           
      1001       1001                                                           
      1002       1002                                                           
      1003       1003                                                           
      1004       1004                                                           
      1005       1005                                                           
      1006       1006                                                           
      1007       1007                                                           
      1008       1008                                                           
      1009       1009                                                           
      1010       1010                                                           
      1011       1011                                                           

CONTACT_ID ADDRESS_ID                                                           
---------- ----------                                                           
      1012       1012                                                           

12 rows selected.


ADDRESS_ID STREET_ADDRESS_ID                                                    
---------- -----------------                                                    
      1001              1001                                                    
      1002              1002                                                    
      1003              1003                                                    
      1004              1004                                                    
      1005              1005                                                    
      1006              1006                                                    
      1007              1007                                                    
      1008              1008                                                    
      1009              1009                                                    
      1010              1010                                                    
      1011              1011                                                    

ADDRESS_ID STREET_ADDRESS_ID                                                    
---------- -----------------                                                    
      1012              1012                                                    

12 rows selected.


CONTACT_ID SYSTEM_USER_ID                                                       
---------- --------------                                                       
      1001              2                                                       
      1002              2                                                       
      1003              2                                                       
      1004              2                                                       
      1005              2                                                       
      1006              2                                                       
      1007              2                                                       
      1008              1                                                       
      1009              1                                                       
      1010              1                                                       
      1011              1                                                       

CONTACT_ID SYSTEM_USER_ID                                                       
---------- --------------                                                       
      1012              1                                                       

12 rows selected.


CONTACT_ID SYSTEM_USER_ID                                                       
---------- --------------                                                       
      1001              2                                                       
      1002              2                                                       
      1003              2                                                       
      1004              2                                                       
      1005              2                                                       
      1006              2                                                       
      1007              2                                                       
      1008              1                                                       
      1009              1                                                       
      1010              1                                                       
      1011              1                                                       

CONTACT_ID SYSTEM_USER_ID                                                       
---------- --------------                                                       
      1012              1                                                       

12 rows selected.


SYSTEM_USER_ID CREATED_BY SYSTEM_USER_ID                                        
-------------- ---------- --------------                                        
             1          1              1                                        
             2          1              1                                        
             3          1              1                                        
             4          1              1                                        


SYSTEM_USER_ID LAST_UPDATED_BY SYSTEM_USER_ID                                   
-------------- --------------- --------------                                   
             1               1              1                                   
             2               1              1                                   
             3               1              1                                   
             4               1              1                                   


System User           System ID Created User         Created By                 
-------------------- ---------- -------------------- ----------                 
Updated User         Updated By                                                 
-------------------- ----------                                                 
SYSADMIN                      1 SYSADMIN                      1                 
SYSADMIN                      1                                                 
                                                                                
DBA                           2 SYSADMIN                      1                 
SYSADMIN                      1                                                 
                                                                                
DBA                           3 SYSADMIN                      1                 
SYSADMIN                      1                                                 
                                                                                

System User           System ID Created User         Created By                 
-------------------- ---------- -------------------- ----------                 
Updated User         Updated By                                                 
-------------------- ----------                                                 
DBA                           4 SYSADMIN                      1                 
SYSADMIN                      1                                                 
                                                                                


 RENTAL_ID  RENTAL_ID    ITEM_ID    ITEM_ID                                     
---------- ---------- ---------- ----------                                     
      1001       1001       1002       1002                                     
      1001       1001       1004       1004                                     
      1001       1001       1005       1005                                     
      1002       1002       1016       1016                                     
      1002       1002       1021       1021                                     
      1003       1003       1019       1019                                     
      1004       1004       1014       1014                                     
      1005       1005       1007       1007                                     
      1005       1005       1001       1001                                     

9 rows selected.


Table altered.


Commit complete.
